{"/Users/matt/alchemy/career-track/ct-lab-11-travel-manager/lib/models/Itinerary.js": {"path":"/Users/matt/alchemy/career-track/ct-lab-11-travel-manager/lib/models/Itinerary.js","statementMap":{"0":{"start":{"line":1,"column":17},"end":{"line":1,"column":36}},"1":{"start":{"line":4,"column":15},"end":{"line":19,"column":2}},"2":{"start":{"line":22,"column":0},"end":{"line":22,"column":53}}},"fnMap":{},"branchMap":{},"s":{"0":1,"1":1,"2":1},"f":{},"b":{},"_coverageSchema":"43e27e138ebf9cfc5966b082cf9a028302ed4184","hash":"940732b4cb19f92f816eccfbfb8d9fcd8c305a6d"}
,"/Users/matt/alchemy/career-track/ct-lab-11-travel-manager/lib/models/Trip.js": {"path":"/Users/matt/alchemy/career-track/ct-lab-11-travel-manager/lib/models/Trip.js","statementMap":{"0":{"start":{"line":1,"column":17},"end":{"line":1,"column":36}},"1":{"start":{"line":4,"column":15},"end":{"line":13,"column":2}},"2":{"start":{"line":14,"column":0},"end":{"line":18,"column":3}},"3":{"start":{"line":21,"column":0},"end":{"line":21,"column":48}}},"fnMap":{},"branchMap":{},"s":{"0":1,"1":1,"2":1,"3":1},"f":{},"b":{},"_coverageSchema":"43e27e138ebf9cfc5966b082cf9a028302ed4184","hash":"5f45615ea0250c22148be444f6f3093c9f6d7c5d"}
}
